<?xml version="1.0" encoding="UTF-8"?>
<!-- Generated by org.testng.reporters.JUnitXMLReporter -->
<testsuite ignored="1" hostname="DESKTOP-59FMM7T" failures="0" tests="7" name="Test" time="0.056" errors="0" timestamp="2022-12-01T20:35:13 IST">
  <testcase classname="testng.Test0" name="demo" time="0.011"/>
  <testcase classname="testng.Test1" name="settings" time="0.001"/>
  <testcase classname="testng.Test1" name="settings" time="0.001"/>
  <testcase classname="testng.Test1" name="settings" time="0.001"/>
  <testcase classname="testng.Test1" name="settings" time="0.0"/>
  <testcase classname="testng.Test1" name="chats" time="0.002"/>
  <testcase classname="testng.Test1" name="chats" time="0.0"/>
  <testcase classname="testng.Test1" name="calls" time="0.0">
    <ignored/>
  </testcase> <!-- calls -->
</testsuite> <!-- Test -->
