<?xml version="1.0" encoding="UTF-8"?>
<testng-results ignored="1" total="8" passed="7" failed="0" skipped="0">
  <reporter-output>
    <line>
      <![CDATA[hello java]]>
    </line>
    <line>
      <![CDATA[hello selenium]]>
    </line>
    <line>
      <![CDATA[settings]]>
    </line>
    <line>
      <![CDATA[settings]]>
    </line>
    <line>
      <![CDATA[settings]]>
    </line>
    <line>
      <![CDATA[settings]]>
    </line>
    <line>
      <![CDATA[chats]]>
    </line>
    <line>
      <![CDATA[chats]]>
    </line>
  </reporter-output>
  <suite started-at="2022-12-01T20:35:13 IST" name="Suite" finished-at="2022-12-01T20:35:13 IST" duration-ms="56">
    <groups>
    </groups>
    <test started-at="2022-12-01T20:35:13 IST" name="Test" finished-at="2022-12-01T20:35:13 IST" duration-ms="56">
      <class name="testng.Test0">
        <test-method signature="demo()[pri:0, instance:testng.Test0@6b8ca3c8]" started-at="2022-12-01T20:35:13 IST" name="demo" finished-at="2022-12-01T20:35:13 IST" duration-ms="11" status="PASS">
          <reporter-output>
            <line>
              <![CDATA[hello java]]>
            </line>
            <line>
              <![CDATA[hello selenium]]>
            </line>
          </reporter-output>
        </test-method> <!-- demo -->
      </class> <!-- testng.Test0 -->
      <class name="testng.Test1">
        <test-method signature="settings()[pri:-6, instance:testng.Test1@1eb5174b]" started-at="2022-12-01T20:35:13 IST" name="settings" finished-at="2022-12-01T20:35:13 IST" duration-ms="1" status="PASS">
          <reporter-output>
            <line>
              <![CDATA[settings]]>
            </line>
          </reporter-output>
        </test-method> <!-- settings -->
        <test-method signature="settings()[pri:-6, instance:testng.Test1@1eb5174b]" started-at="2022-12-01T20:35:13 IST" name="settings" finished-at="2022-12-01T20:35:13 IST" duration-ms="1" status="PASS">
          <reporter-output>
            <line>
              <![CDATA[settings]]>
            </line>
          </reporter-output>
        </test-method> <!-- settings -->
        <test-method signature="settings()[pri:-6, instance:testng.Test1@1eb5174b]" started-at="2022-12-01T20:35:13 IST" name="settings" finished-at="2022-12-01T20:35:13 IST" duration-ms="1" status="PASS">
          <reporter-output>
            <line>
              <![CDATA[settings]]>
            </line>
          </reporter-output>
        </test-method> <!-- settings -->
        <test-method signature="settings()[pri:-6, instance:testng.Test1@1eb5174b]" started-at="2022-12-01T20:35:13 IST" name="settings" finished-at="2022-12-01T20:35:13 IST" duration-ms="0" status="PASS">
          <reporter-output>
            <line>
              <![CDATA[settings]]>
            </line>
          </reporter-output>
        </test-method> <!-- settings -->
        <test-method signature="chats()[pri:-1, instance:testng.Test1@1eb5174b]" started-at="2022-12-01T20:35:13 IST" name="chats" finished-at="2022-12-01T20:35:13 IST" duration-ms="2" status="PASS">
          <reporter-output>
            <line>
              <![CDATA[chats]]>
            </line>
          </reporter-output>
        </test-method> <!-- chats -->
        <test-method signature="chats()[pri:-1, instance:testng.Test1@1eb5174b]" started-at="2022-12-01T20:35:13 IST" name="chats" finished-at="2022-12-01T20:35:13 IST" duration-ms="0" status="PASS">
          <reporter-output>
            <line>
              <![CDATA[chats]]>
            </line>
          </reporter-output>
        </test-method> <!-- chats -->
      </class> <!-- testng.Test1 -->
    </test> <!-- Test -->
  </suite> <!-- Suite -->
</testng-results>
